<?xml version="1.0" encoding="UTF-8"?>
<!-- Generated by org.testng.reporters.JUnitXMLReporter -->
<testsuite ignored="0" hostname="DESKTOP-GJMFF2T" failures="0" tests="3" name="Default test" time="5.283" errors="0" timestamp="2022-08-17T15:38:00 IST">
  <testcase classname="test.Putpatchdelete" name="test_delete" time="3.522"/>
  <testcase classname="test.Putpatchdelete" name="test_patch" time="0.946"/>
  <testcase classname="test.Putpatchdelete" name="test_put" time="0.754"/>
</testsuite> <!-- Default test -->
