<?xml version="1.0" encoding="UTF-8"?>
<testng-results ignored="0" total="3" passed="3" failed="0" skipped="0">
  <reporter-output>
  </reporter-output>
  <suite started-at="2022-08-17T15:37:54 IST" name="Default suite" finished-at="2022-08-17T15:37:59 IST" duration-ms="5283">
    <groups>
    </groups>
    <test started-at="2022-08-17T15:37:54 IST" name="Default test" finished-at="2022-08-17T15:37:59 IST" duration-ms="5283">
      <class name="test.Putpatchdelete">
        <test-method signature="test_delete()[pri:0, instance:test.Putpatchdelete@4cc8eb05]" started-at="2022-08-17T15:37:54 IST" name="test_delete" finished-at="2022-08-17T15:37:58 IST" duration-ms="3522" status="PASS">
          <reporter-output>
          </reporter-output>
        </test-method> <!-- test_delete -->
        <test-method signature="test_patch()[pri:0, instance:test.Putpatchdelete@4cc8eb05]" started-at="2022-08-17T15:37:58 IST" name="test_patch" finished-at="2022-08-17T15:37:59 IST" duration-ms="946" status="PASS">
          <reporter-output>
          </reporter-output>
        </test-method> <!-- test_patch -->
        <test-method signature="test_put()[pri:0, instance:test.Putpatchdelete@4cc8eb05]" started-at="2022-08-17T15:37:59 IST" name="test_put" finished-at="2022-08-17T15:37:59 IST" duration-ms="754" status="PASS">
          <reporter-output>
          </reporter-output>
        </test-method> <!-- test_put -->
      </class> <!-- test.Putpatchdelete -->
    </test> <!-- Default test -->
  </suite> <!-- Default suite -->
</testng-results>
